<?xml version="1.0" encoding="UTF-8"?>
<!-- Generated by org.testng.reporters.JUnitXMLReporter -->
<testsuite hostname="Vinodh" name="GitTest" tests="6" failures="0" timestamp="12 Jan 2017 18:23:26 GMT" time="2.273" errors="0">
  <testcase name="testHeaders" time="0.021" classname="com.test.GitHubTest"/>
  <testcase name="testLogin" time="0.005" classname="com.test.GitHubTest"/>
  <testcase name="testStatusCode" time="0.002" classname="com.test.GitHubTest"/>
  <testcase name="testgetUser" time="0.005" classname="com.test.GitHubTest"/>
  <testcase name="testgetblog" time="0.002" classname="com.test.GitHubTest"/>
  <testcase name="testStatusCode" time="0.002" classname="com.test.TwitterTest"/>
</testsuite> <!-- GitTest -->
