<?xml version="1.0" encoding="UTF-8"?>
<testng-results skipped="0" failed="0" total="6" passed="6">
  <reporter-output>
  </reporter-output>
  <suite name="RestSuite" duration-ms="2273" started-at="2017-01-12T18:23:24Z" finished-at="2017-01-12T18:23:26Z">
    <groups>
    </groups>
    <test name="GitTest" duration-ms="2273" started-at="2017-01-12T18:23:24Z" finished-at="2017-01-12T18:23:26Z">
      <class name="com.test.TwitterTest">
        <test-method status="PASS" signature="beforeclass()[pri:0, instance:com.test.TwitterTest@100fc185]" name="beforeclass" is-config="true" duration-ms="223" started-at="2017-01-12T10:23:26Z" finished-at="2017-01-12T10:23:26Z">
          <reporter-output>
          </reporter-output>
        </test-method> <!-- beforeclass -->
        <test-method status="PASS" signature="testStatusCode()[pri:0, instance:com.test.TwitterTest@100fc185]" name="testStatusCode" duration-ms="2" started-at="2017-01-12T10:23:26Z" finished-at="2017-01-12T10:23:26Z">
          <reporter-output>
          </reporter-output>
        </test-method> <!-- testStatusCode -->
      </class> <!-- com.test.TwitterTest -->
      <class name="com.test.GitHubTest">
        <test-method status="PASS" signature="beforeSuite()[pri:0, instance:com.test.GitHubTest@3a82f6ef]" name="beforeSuite" is-config="true" duration-ms="10" started-at="2017-01-12T10:23:24Z" finished-at="2017-01-12T10:23:24Z">
          <reporter-output>
          </reporter-output>
        </test-method> <!-- beforeSuite -->
        <test-method status="PASS" signature="beforeclass()[pri:0, instance:com.test.GitHubTest@3a82f6ef]" name="beforeclass" is-config="true" duration-ms="1984" started-at="2017-01-12T10:23:24Z" finished-at="2017-01-12T10:23:26Z">
          <reporter-output>
          </reporter-output>
        </test-method> <!-- beforeclass -->
        <test-method status="PASS" signature="testHeaders()[pri:0, instance:com.test.GitHubTest@3a82f6ef]" name="testHeaders" duration-ms="21" started-at="2017-01-12T10:23:26Z" finished-at="2017-01-12T10:23:26Z">
          <reporter-output>
          </reporter-output>
        </test-method> <!-- testHeaders -->
        <test-method status="PASS" signature="testLogin()[pri:0, instance:com.test.GitHubTest@3a82f6ef]" name="testLogin" duration-ms="5" started-at="2017-01-12T10:23:26Z" finished-at="2017-01-12T10:23:26Z">
          <reporter-output>
          </reporter-output>
        </test-method> <!-- testLogin -->
        <test-method status="PASS" signature="testStatusCode()[pri:0, instance:com.test.GitHubTest@3a82f6ef]" name="testStatusCode" duration-ms="2" started-at="2017-01-12T10:23:26Z" finished-at="2017-01-12T10:23:26Z">
          <reporter-output>
          </reporter-output>
        </test-method> <!-- testStatusCode -->
        <test-method status="PASS" signature="testgetUser()[pri:0, instance:com.test.GitHubTest@3a82f6ef]" name="testgetUser" duration-ms="5" started-at="2017-01-12T10:23:26Z" finished-at="2017-01-12T10:23:26Z">
          <reporter-output>
          </reporter-output>
        </test-method> <!-- testgetUser -->
        <test-method status="PASS" signature="testgetblog()[pri:0, instance:com.test.GitHubTest@3a82f6ef]" name="testgetblog" duration-ms="2" started-at="2017-01-12T10:23:26Z" finished-at="2017-01-12T10:23:26Z">
          <reporter-output>
          </reporter-output>
        </test-method> <!-- testgetblog -->
        <test-method status="PASS" signature="afterSuite()[pri:0, instance:com.test.GitHubTest@3a82f6ef]" name="afterSuite" is-config="true" duration-ms="0" started-at="2017-01-12T10:23:26Z" finished-at="2017-01-12T10:23:26Z">
          <reporter-output>
          </reporter-output>
        </test-method> <!-- afterSuite -->
      </class> <!-- com.test.GitHubTest -->
    </test> <!-- GitTest -->
  </suite> <!-- RestSuite -->
</testng-results>
